
> healthchain-backend@1.0.0 dev
> node server.js

HealthChain Backend API running on port 3001
Connected to SQLite database
Token verification error: TokenExpiredError: jwt expired
    at /Users/edwardye/HealthChain/backend/node_modules/jsonwebtoken/verify.js:190:21
    at getSecret (/Users/edwardye/HealthChain/backend/node_modules/jsonwebtoken/verify.js:97:14)
    at module.exports [as verify] (/Users/edwardye/HealthChain/backend/node_modules/jsonwebtoken/verify.js:101:10)
    at authenticateToken (file:///Users/edwardye/HealthChain/backend/server.js:317:9)
    at Layer.handle [as handle_request] (/Users/edwardye/HealthChain/backend/node_modules/express/lib/router/layer.js:95:5)
    at next (/Users/edwardye/HealthChain/backend/node_modules/express/lib/router/route.js:149:13)
    at Route.dispatch (/Users/edwardye/HealthChain/backend/node_modules/express/lib/router/route.js:119:3)
    at Layer.handle [as handle_request] (/Users/edwardye/HealthChain/backend/node_modules/express/lib/router/layer.js:95:5)
    at /Users/edwardye/HealthChain/backend/node_modules/express/lib/router/index.js:284:15
    at Function.process_params (/Users/edwardye/HealthChain/backend/node_modules/express/lib/router/index.js:346:12) {
  expiredAt: 2025-11-20T09:12:19.000Z
}
Token verification error: TokenExpiredError: jwt expired
    at /Users/edwardye/HealthChain/backend/node_modules/jsonwebtoken/verify.js:190:21
    at getSecret (/Users/edwardye/HealthChain/backend/node_modules/jsonwebtoken/verify.js:97:14)
    at module.exports [as verify] (/Users/edwardye/HealthChain/backend/node_modules/jsonwebtoken/verify.js:101:10)
    at authenticateToken (file:///Users/edwardye/HealthChain/backend/server.js:317:9)
    at Layer.handle [as handle_request] (/Users/edwardye/HealthChain/backend/node_modules/express/lib/router/layer.js:95:5)
    at next (/Users/edwardye/HealthChain/backend/node_modules/express/lib/router/route.js:149:13)
    at Route.dispatch (/Users/edwardye/HealthChain/backend/node_modules/express/lib/router/route.js:119:3)
    at Layer.handle [as handle_request] (/Users/edwardye/HealthChain/backend/node_modules/express/lib/router/layer.js:95:5)
    at /Users/edwardye/HealthChain/backend/node_modules/express/lib/router/index.js:284:15
    at Function.process_params (/Users/edwardye/HealthChain/backend/node_modules/express/lib/router/index.js:346:12) {
  expiredAt: 2025-11-20T09:12:19.000Z
}
Token verification error: TokenExpiredError: jwt expired
    at /Users/edwardye/HealthChain/backend/node_modules/jsonwebtoken/verify.js:190:21
    at getSecret (/Users/edwardye/HealthChain/backend/node_modules/jsonwebtoken/verify.js:97:14)
    at module.exports [as verify] (/Users/edwardye/HealthChain/backend/node_modules/jsonwebtoken/verify.js:101:10)
    at authenticateToken (file:///Users/edwardye/HealthChain/backend/server.js:317:9)
    at Layer.handle [as handle_request] (/Users/edwardye/HealthChain/backend/node_modules/express/lib/router/layer.js:95:5)
    at next (/Users/edwardye/HealthChain/backend/node_modules/express/lib/router/route.js:149:13)
    at Route.dispatch (/Users/edwardye/HealthChain/backend/node_modules/express/lib/router/route.js:119:3)
    at Layer.handle [as handle_request] (/Users/edwardye/HealthChain/backend/node_modules/express/lib/router/layer.js:95:5)
    at /Users/edwardye/HealthChain/backend/node_modules/express/lib/router/index.js:284:15
    at Function.process_params (/Users/edwardye/HealthChain/backend/node_modules/express/lib/router/index.js:346:12) {
  expiredAt: 2025-11-20T09:12:19.000Z
}
Token verification error: TokenExpiredError: jwt expired
    at /Users/edwardye/HealthChain/backend/node_modules/jsonwebtoken/verify.js:190:21
    at getSecret (/Users/edwardye/HealthChain/backend/node_modules/jsonwebtoken/verify.js:97:14)
    at module.exports [as verify] (/Users/edwardye/HealthChain/backend/node_modules/jsonwebtoken/verify.js:101:10)
    at authenticateToken (file:///Users/edwardye/HealthChain/backend/server.js:317:9)
    at Layer.handle [as handle_request] (/Users/edwardye/HealthChain/backend/node_modules/express/lib/router/layer.js:95:5)
    at next (/Users/edwardye/HealthChain/backend/node_modules/express/lib/router/route.js:149:13)
    at Route.dispatch (/Users/edwardye/HealthChain/backend/node_modules/express/lib/router/route.js:119:3)
    at Layer.handle [as handle_request] (/Users/edwardye/HealthChain/backend/node_modules/express/lib/router/layer.js:95:5)
    at /Users/edwardye/HealthChain/backend/node_modules/express/lib/router/index.js:284:15
    at Function.process_params (/Users/edwardye/HealthChain/backend/node_modules/express/lib/router/index.js:346:12) {
  expiredAt: 2025-11-20T09:12:19.000Z
}
